\BOOKMARK [0][-]{chapter.1}{\376\377\213\321\200\005\122\115\212\000}{}% 1
\BOOKMARK [0][-]{chapter.2}{\376\377\153\042\217\316}{}% 2
\BOOKMARK [0][-]{chapter.3}{\376\377\137\025\212\000}{}% 3
\BOOKMARK [1][-]{section.3.1}{\376\377\116\015\124\014\145\207\150\143\174\373\176\337\166\204\217\154\143\142}{chapter.3}% 4
\BOOKMARK [1][-]{section.3.2}{\376\377\127\050\121\166\116\326\174\373\176\337\116\055\117\177\165\050}{chapter.3}% 5
\BOOKMARK [1][-]{section.3.3}{\376\377\122\115\143\320}{chapter.3}% 6
\BOOKMARK [1][-]{section.3.4}{\376\377\165\050\154\325}{chapter.3}% 7
\BOOKMARK [0][-]{chapter.4}{\376\377\000S\000p\000h\000i\000n\000x\122\035\134\035}{}% 8
\BOOKMARK [1][-]{section.4.1}{\376\377\221\115\177\156\145\207\150\143\156\220}{chapter.4}% 9
\BOOKMARK [1][-]{section.4.2}{\376\377\133\232\116\111\145\207\150\143\176\323\147\204}{chapter.4}% 10
\BOOKMARK [1][-]{section.4.3}{\376\377\155\373\122\240\121\205\133\271}{chapter.4}% 11
\BOOKMARK [1][-]{section.4.4}{\376\377\217\320\210\114\122\033\136\372\135\345\121\167}{chapter.4}% 12
\BOOKMARK [1][-]{section.4.5}{\376\377\145\207\150\143\133\371\214\141}{chapter.4}% 13
\BOOKMARK [1][-]{section.4.6}{\376\377\127\372\147\054\221\115\177\156}{chapter.4}% 14
\BOOKMARK [1][-]{section.4.7}{\376\377\201\352\122\250\145\207\150\143}{chapter.4}% 15
\BOOKMARK [1][-]{section.4.8}{\376\377\121\166\116\326\213\335\230\230}{chapter.4}% 16
\BOOKMARK [0][-]{chapter.5}{\376\377\214\003\165\050\000\040\000s\000p\000h\000i\000n\000x\000-\000b\000u\000i\000l\000d}{}% 17
\BOOKMARK [1][-]{section.5.1}{\376\377\000M\000a\000k\000e\000f\000i\000l\000e\000\040\220\011\230\171}{chapter.5}% 18
\BOOKMARK [0][-]{chapter.6}{\376\377\214\003\165\050\000\040\000s\000p\000h\000i\000n\000x\000-\000a\000p\000i\000d\000o\000c}{}% 19
\BOOKMARK [0][-]{chapter.7}{\376\377\000r\000e\000S\000t\000r\000u\000c\000t\000u\000r\000e\000d\000T\000e\000x\000t\000\040\173\200\116\313}{}% 20
\BOOKMARK [1][-]{section.7.1}{\376\377\153\265\204\075}{chapter.7}% 21
\BOOKMARK [1][-]{section.7.2}{\376\377\121\205\200\124\150\007\213\260}{chapter.7}% 22
\BOOKMARK [1][-]{section.7.3}{\376\377\122\027\210\150\116\016\137\025\165\050}{chapter.7}% 23
\BOOKMARK [1][-]{section.7.4}{\376\377\156\220\116\343\170\001}{chapter.7}% 24
\BOOKMARK [1][-]{section.7.5}{\376\377\210\150\150\074}{chapter.7}% 25
\BOOKMARK [1][-]{section.7.6}{\376\377\215\205\224\376\143\245}{chapter.7}% 26
\BOOKMARK [1][-]{section.7.7}{\376\377\172\340\202\202}{chapter.7}% 27
\BOOKMARK [1][-]{section.7.8}{\376\377\146\076\137\017\150\007\213\260}{chapter.7}% 28
\BOOKMARK [1][-]{section.7.9}{\376\377\143\007\116\344}{chapter.7}% 29
\BOOKMARK [1][-]{section.7.10}{\376\377\126\376\120\317}{chapter.7}% 30
\BOOKMARK [1][-]{section.7.11}{\376\377\134\076\154\350}{chapter.7}% 31
\BOOKMARK [1][-]{section.7.12}{\376\377\137\025\165\050}{chapter.7}% 32
\BOOKMARK [1][-]{section.7.13}{\376\377\146\377\143\142}{chapter.7}% 33
\BOOKMARK [1][-]{section.7.14}{\376\377\213\304\213\272}{chapter.7}% 34
\BOOKMARK [1][-]{section.7.15}{\376\377\156\220\177\026\170\001}{chapter.7}% 35
\BOOKMARK [1][-]{section.7.16}{\376\377\136\070\211\301\225\356\230\230}{chapter.7}% 36
\BOOKMARK [0][-]{chapter.8}{\376\377\000S\000p\000h\000i\000n\000x\150\007\213\260\166\204\176\304\142\020}{}% 37
\BOOKMARK [1][-]{section.8.1}{\376\377\166\356\137\125\150\021}{chapter.8}% 38
\BOOKMARK [1][-]{section.8.2}{\376\377\153\265\204\075\176\247\122\053\166\204\150\007\213\260}{chapter.8}% 39
\BOOKMARK [1][-]{section.8.3}{\376\377\166\356\137\125\210\150\150\074\150\007\213\260}{chapter.8}% 40
\BOOKMARK [1][-]{section.8.4}{\376\377\147\057\213\355}{chapter.8}% 41
\BOOKMARK [1][-]{section.8.5}{\376\377\213\355\154\325\116\247\124\301\166\204\146\076\171\072}{chapter.8}% 42
\BOOKMARK [1][-]{section.8.6}{\376\377\134\125\171\072\171\072\117\213\116\343\170\001}{chapter.8}% 43
\BOOKMARK [1][-]{section.8.7}{\376\377\121\205\200\124\150\007\213\260}{chapter.8}% 44
\BOOKMARK [1][-]{section.8.8}{\376\377\147\052\122\006\174\173\150\007\213\260}{chapter.8}% 45
\BOOKMARK [0][-]{chapter.9}{\376\377\000S\000p\000h\000i\000n\000x\000\040\000D\000o\000m\000a\000i\000n\000s}{}% 46
\BOOKMARK [1][-]{section.9.1}{\376\377\000W\000h\000a\000t\000\040\000i\000s\000\040\000a\000\040\000D\000o\000m\000a\000i\000n\000?}{chapter.9}% 47
\BOOKMARK [1][-]{section.9.2}{\376\377\000B\000a\000s\000i\000c\000\040\000M\000a\000r\000k\000u\000p}{chapter.9}% 48
\BOOKMARK [1][-]{section.9.3}{\376\377\000T\000h\000e\000\040\000P\000y\000t\000h\000o\000n\000\040\000D\000o\000m\000a\000i\000n}{chapter.9}% 49
\BOOKMARK [1][-]{section.9.4}{\376\377\000T\000h\000e\000\040\000C\000\040\000D\000o\000m\000a\000i\000n}{chapter.9}% 50
\BOOKMARK [1][-]{section.9.5}{\376\377\000T\000h\000e\000\040\000C\000+\000+\000\040\000D\000o\000m\000a\000i\000n}{chapter.9}% 51
\BOOKMARK [1][-]{section.9.6}{\376\377\000T\000h\000e\000\040\000S\000t\000a\000n\000d\000a\000r\000d\000\040\000D\000o\000m\000a\000i\000n}{chapter.9}% 52
\BOOKMARK [1][-]{section.9.7}{\376\377\000T\000h\000e\000\040\000J\000a\000v\000a\000S\000c\000r\000i\000p\000t\000\040\000D\000o\000m\000a\000i\000n}{chapter.9}% 53
\BOOKMARK [1][-]{section.9.8}{\376\377\000T\000h\000e\000\040\000r\000e\000S\000t\000r\000u\000c\000t\000u\000r\000e\000d\000T\000e\000x\000t\000\040\000d\000o\000m\000a\000i\000n}{chapter.9}% 54
\BOOKMARK [1][-]{section.9.9}{\376\377\000M\000o\000r\000e\000\040\000d\000o\000m\000a\000i\000n\000s}{chapter.9}% 55
\BOOKMARK [0][-]{chapter.10}{\376\377\000A\000v\000a\000i\000l\000a\000b\000l\000e\000\040\000b\000u\000i\000l\000d\000e\000r\000s}{}% 56
\BOOKMARK [1][-]{section.10.1}{\376\377\000S\000e\000r\000i\000a\000l\000i\000z\000a\000t\000i\000o\000n\000\040\000b\000u\000i\000l\000d\000e\000r\000\040\000d\000e\000t\000a\000i\000l\000s}{chapter.10}% 57
\BOOKMARK [0][-]{chapter.11}{\376\377\000T\000h\000e\000\040\000b\000u\000i\000l\000d\000\040\000c\000o\000n\000f\000i\000g\000u\000r\000a\000t\000i\000o\000n\000\040\000f\000i\000l\000e}{}% 58
\BOOKMARK [1][-]{section.11.1}{\376\377\000G\000e\000n\000e\000r\000a\000l\000\040\000c\000o\000n\000f\000i\000g\000u\000r\000a\000t\000i\000o\000n}{chapter.11}% 59
\BOOKMARK [1][-]{section.11.2}{\376\377\000P\000r\000o\000j\000e\000c\000t\000\040\000i\000n\000f\000o\000r\000m\000a\000t\000i\000o\000n}{chapter.11}% 60
\BOOKMARK [1][-]{section.11.3}{\376\377\000O\000p\000t\000i\000o\000n\000s\000\040\000f\000o\000r\000\040\000i\000n\000t\000e\000r\000n\000a\000t\000i\000o\000n\000a\000l\000i\000z\000a\000t\000i\000o\000n}{chapter.11}% 61
\BOOKMARK [1][-]{section.11.4}{\376\377\000O\000p\000t\000i\000o\000n\000s\000\040\000f\000o\000r\000\040\000H\000T\000M\000L\000\040\000o\000u\000t\000p\000u\000t}{chapter.11}% 62
\BOOKMARK [1][-]{section.11.5}{\376\377\000O\000p\000t\000i\000o\000n\000s\000\040\000f\000o\000r\000\040\000e\000p\000u\000b\000\040\000o\000u\000t\000p\000u\000t}{chapter.11}% 63
\BOOKMARK [1][-]{section.11.6}{\376\377\000O\000p\000t\000i\000o\000n\000s\000\040\000f\000o\000r\000\040\000L\000a\000T\000e\000X\000\040\000o\000u\000t\000p\000u\000t}{chapter.11}% 64
\BOOKMARK [1][-]{section.11.7}{\376\377\000O\000p\000t\000i\000o\000n\000s\000\040\000f\000o\000r\000\040\000t\000e\000x\000t\000\040\000o\000u\000t\000p\000u\000t}{chapter.11}% 65
\BOOKMARK [1][-]{section.11.8}{\376\377\000O\000p\000t\000i\000o\000n\000s\000\040\000f\000o\000r\000\040\000m\000a\000n\000u\000a\000l\000\040\000p\000a\000g\000e\000\040\000o\000u\000t\000p\000u\000t}{chapter.11}% 66
\BOOKMARK [1][-]{section.11.9}{\376\377\000O\000p\000t\000i\000o\000n\000s\000\040\000f\000o\000r\000\040\000T\000e\000x\000i\000n\000f\000o\000\040\000o\000u\000t\000p\000u\000t}{chapter.11}% 67
\BOOKMARK [1][-]{section.11.10}{\376\377\000O\000p\000t\000i\000o\000n\000s\000\040\000f\000o\000r\000\040\000t\000h\000e\000\040\000l\000i\000n\000k\000c\000h\000e\000c\000k\000\040\000b\000u\000i\000l\000d\000e\000r}{chapter.11}% 68
\BOOKMARK [0][-]{chapter.12}{\376\377\000I\000n\000t\000e\000r\000n\000a\000t\000i\000o\000n\000a\000l\000i\000z\000a\000t\000i\000o\000n}{}% 69
\BOOKMARK [0][-]{chapter.13}{\376\377\000H\000T\000M\000L\000\040\000t\000h\000e\000m\000i\000n\000g\000\040\000s\000u\000p\000p\000o\000r\000t}{}% 70
\BOOKMARK [1][-]{section.13.1}{\376\377\000U\000s\000i\000n\000g\000\040\000a\000\040\000t\000h\000e\000m\000e}{chapter.13}% 71
\BOOKMARK [1][-]{section.13.2}{\376\377\000B\000u\000i\000l\000t\000i\000n\000\040\000t\000h\000e\000m\000e\000s}{chapter.13}% 72
\BOOKMARK [1][-]{section.13.3}{\376\377\000C\000r\000e\000a\000t\000i\000n\000g\000\040\000t\000h\000e\000m\000e\000s}{chapter.13}% 73
\BOOKMARK [0][-]{chapter.14}{\376\377\000T\000e\000m\000p\000l\000a\000t\000i\000n\000g}{}% 74
\BOOKMARK [1][-]{section.14.1}{\376\377\000D\000o\000\040\000I\000\040\000n\000e\000e\000d\000\040\000t\000o\000\040\000u\000s\000e\000\040\000S\000p\000h\000i\000n\000x\000'\000\040\000t\000e\000m\000p\000l\000a\000t\000e\000s\000\040\000t\000o\000\040\000p\000r\000o\000d\000u\000c\000e\000\040\000H\000T\000M\000L\000?}{chapter.14}% 75
\BOOKMARK [1][-]{section.14.2}{\376\377\000J\000i\000n\000j\000a\000/\000S\000p\000h\000i\000n\000x\000\040\000T\000e\000m\000p\000l\000a\000t\000i\000n\000g\000\040\000P\000r\000i\000m\000e\000r}{chapter.14}% 76
\BOOKMARK [1][-]{section.14.3}{\376\377\000W\000o\000r\000k\000i\000n\000g\000\040\000w\000i\000t\000h\000\040\000t\000h\000e\000\040\000b\000u\000i\000l\000t\000i\000n\000\040\000t\000e\000m\000p\000l\000a\000t\000e\000s}{chapter.14}% 77
\BOOKMARK [0][-]{chapter.15}{\376\377\000S\000p\000h\000i\000n\000x\000\040\000E\000x\000t\000e\000n\000s\000i\000o\000n\000s}{}% 78
\BOOKMARK [1][-]{section.15.1}{\376\377\000T\000u\000t\000o\000r\000i\000a\000l\000:\000\040\000W\000r\000i\000t\000i\000n\000g\000\040\000a\000\040\000s\000i\000m\000p\000l\000e\000\040\000e\000x\000t\000e\000n\000s\000i\000o\000n}{chapter.15}% 79
\BOOKMARK [1][-]{section.15.2}{\376\377\000E\000x\000t\000e\000n\000s\000i\000o\000n\000\040\000A\000P\000I}{chapter.15}% 80
\BOOKMARK [1][-]{section.15.3}{\376\377\000W\000r\000i\000t\000i\000n\000g\000\040\000n\000e\000w\000\040\000b\000u\000i\000l\000d\000e\000r\000s}{chapter.15}% 81
\BOOKMARK [1][-]{section.15.4}{\376\377\000B\000u\000i\000l\000t\000i\000n\000\040\000S\000p\000h\000i\000n\000x\000\040\000e\000x\000t\000e\000n\000s\000i\000o\000n\000s}{chapter.15}% 82
\BOOKMARK [1][-]{section.15.5}{\376\377\000T\000h\000i\000r\000d\000-\000p\000a\000r\000t\000y\000\040\000e\000x\000t\000e\000n\000s\000i\000o\000n\000s}{chapter.15}% 83
\BOOKMARK [0][-]{chapter.16}{\376\377\000S\000p\000h\000i\000n\000x\000\040\000W\000e\000b\000\040\000S\000u\000p\000p\000o\000r\000t}{}% 84
\BOOKMARK [1][-]{section.16.1}{\376\377\000W\000e\000b\000\040\000S\000u\000p\000p\000o\000r\000t\000\040\000Q\000u\000i\000c\000k\000\040\000S\000t\000a\000r\000t}{chapter.16}% 85
\BOOKMARK [1][-]{section.16.2}{\376\377\000T\000h\000e\000\040\000W\000e\000b\000S\000u\000p\000p\000o\000r\000t\000\040\000C\000l\000a\000s\000s}{chapter.16}% 86
\BOOKMARK [1][-]{section.16.3}{\376\377\000S\000e\000a\000r\000c\000h\000\040\000A\000d\000a\000p\000t\000e\000r\000s}{chapter.16}% 87
\BOOKMARK [1][-]{section.16.4}{\376\377\000S\000t\000o\000r\000a\000g\000e\000\040\000B\000a\000c\000k\000e\000n\000d\000s}{chapter.16}% 88
\BOOKMARK [0][-]{chapter.17}{\376\377\000S\000p\000h\000i\000n\000x\000\040\000F\000A\000Q}{}% 89
\BOOKMARK [1][-]{section.17.1}{\376\377\000H\000o\000w\000\040\000d\000o\000\040\000I\000.\000.\000.}{chapter.17}% 90
\BOOKMARK [1][-]{section.17.2}{\376\377\000U\000s\000i\000n\000g\000\040\000S\000p\000h\000i\000n\000x\000\040\000w\000i\000t\000h\000.\000.\000.}{chapter.17}% 91
\BOOKMARK [1][-]{section.17.3}{\376\377\000E\000p\000u\000b\000\040\000i\000n\000f\000o}{chapter.17}% 92
\BOOKMARK [1][-]{section.17.4}{\376\377\000T\000e\000x\000i\000n\000f\000o\000\040\000i\000n\000f\000o}{chapter.17}% 93
\BOOKMARK [0][-]{chapter.18}{\376\377\000G\000l\000o\000s\000s\000a\000r\000y}{}% 94
\BOOKMARK [0][-]{chapter.19}{\376\377\175\042\137\025\123\312\210\150\150\074}{}% 95
\BOOKMARK [0][-]{section*.311}{\376\377\000P\000y\000t\000h\000o\000n\000\040\152\041\127\127\175\042\137\025}{}% 96
